commit 4d22b650de709c05bd9fb35f7f588af16c2686f1
Author: aelx311 <alex311@gmail.com>
Date:   Thu Apr 4 17:15:00 2013 -0500

    updated UML diagram

commit 875847d1ba958675f74f837dabf3d1fac9f9f75a
Author: aelx311 <alex311@gmail.com>
Date:   Thu Apr 4 16:57:31 2013 -0500

    Adds additional acceptance tests, correct acceptance test for 72x72 Darwin without best, improved simulate function, unit tests for simulate

commit d19992e44c8e6d9737d5ce325b4861b9c90a0913
Author: aelx311 <alex311@gmail.com>
Date:   Thu Apr 4 12:43:51 2013 -0500

    added acceptance test

commit 0ce30be320abe34d06d1d151b3bf04b1809a02c7
Author: aelx311 <alex311@gmail.com>
Date:   Thu Apr 4 12:11:53 2013 -0500

    added tests for species subclasses, added acceptance test

commit 323c77b4248cd078d55f24c5f5728b40b931e124
Author: Michael <michaelperng@gmail.com>
Date:   Thu Apr 4 01:43:38 2013 -0500

    Adds updated implementations in .c++ file, updated interfaces in .h file, and updated unit tests

commit eb43888e9cb260f96ca976394cd46c255da3871f
Author: aelx311 <alex311@gmail.com>
Date:   Thu Apr 4 01:04:18 2013 -0500

    added Darwin.log, TestDarwin.out

commit ba4e0861009bcbcbeb1124653730df5d3a1a1e68
Author: aelx311 <alex311@gmail.com>
Date:   Thu Apr 4 01:01:22 2013 -0500

    removed old UML pdf

commit 7679bbb525d98e7c84777f080b0c22bd6f5679ec
Author: aelx311 <alex311@gmail.com>
Date:   Thu Apr 4 00:59:56 2013 -0500

    updated UML

commit 30bd3060599f89deb06f6f14fe37efb25d26bad6
Author: aelx311 <alex311@gmail.com>
Date:   Thu Apr 4 00:48:56 2013 -0500

    fixed RunDarwin.c++

commit d4534689ab8e7bdcfea1b513d38d092dbdf9954c
Author: aelx311 <alex311@gmail.com>
Date:   Thu Apr 4 00:42:04 2013 -0500

    updated .h .c++ testDarwin.c++

commit 63ea0743e84dbc91d40569dfacf69638dcd9bf1f
Author: aelx311 <alex311@gmail.com>
Date:   Thu Apr 4 00:24:16 2013 -0500

    seperate .h and .c++

commit bb624149e0e1f94ebc20a54387eb6d4137ce7986
Author: Michael <michaelperng@gmail.com>
Date:   Wed Apr 3 19:20:03 2013 -0500

    Added unit tests for all functions except for Game::simulate

commit b3869118646804416350741ea474471f2693c639
Author: Michael <michaelperng@gmail.com>
Date:   Wed Apr 3 16:04:45 2013 -0500

    added unit tests for all functions of Creature, added additional functions to Game

commit 9380f7b40e1234ae6c91f5a671e031121ce0f44b
Author: aelx311 <alex311@gmail.com>
Date:   Wed Apr 3 12:18:57 2013 -0500

    adds lookSurrounding method, seg fault

commit 5115c800131e086635a7353ea45da43e8c849b0b
Author: Michael <michaelperng@gmail.com>
Date:   Wed Apr 3 04:45:28 2013 -0500

    Adds additional implementation to Creature class and modified unit tests

commit 2d0c52a1a7bada9d3eaa3f5bffd6adcff1eee288
Author: Michael <michaelperng@gmail.com>
Date:   Wed Apr 3 03:31:25 2013 -0500

    Adds new functions to Creature, additional unit tests

commit b22a3c6ea7a1393aeecb1b66b14cf19f320689f7
Author: Michael <michaelperng@gmail.com>
Date:   Wed Apr 3 02:55:40 2013 -0500

    Adds new functions for processing instructions, additional unit tests

commit 9016be807488cc688492cb8e823b4d347e7bd381
Author: aelx311 <alex311@gmail.com>
Date:   Wed Apr 3 00:58:29 2013 -0500

    reimplement instuction, new test cases

commit fb5c9e88df816519bc0d75c280c5522ef845e621
Author: aelx311 <alex311@gmail.com>
Date:   Tue Apr 2 03:16:12 2013 -0500

    rewrote design implementation, started unit test

commit c39c4d68738cbbeffb6dcbd4aa4e4a7656f45bdc
Author: aelx311 <alex311@gmail.com>
Date:   Sun Mar 31 19:07:58 2013 -0500

    implement Darwin, Creature and Instruction classes

commit 33e9f407802a75c00cf0e2787b576ea4252326ea
Author: aelx311 <alex311@gmail.com>
Date:   Sat Mar 30 18:32:16 2013 -0500

    added Darwin.h

commit 0371e8f811bdb39f164ede13c823c8765932b807
Author: Michael <michaelperng@gmail.com>
Date:   Tue Mar 26 00:15:07 2013 -0500

    first commit
